<?xml version="1.0" encoding="UTF-8"?>
<testng-results ignored="0" total="1" passed="1" failed="0" skipped="0">
  <reporter-output>
    <line>
      <![CDATA[Hi How are you ? ---->>>>>>>>>>]]>
    </line>
  </reporter-output>
  <suite started-at="2023-12-04T12:03:52Z" name="Default suite" finished-at="2023-12-04T12:03:52Z" duration-ms="21">
    <groups>
    </groups>
    <test started-at="2023-12-04T12:03:52Z" name="Default test" finished-at="2023-12-04T12:03:52Z" duration-ms="21">
      <class name="basicJenkinsMavenTest.File1">
        <test-method signature="test1()[pri:0, instance:basicJenkinsMavenTest.File1@18ece7f4]" started-at="2023-12-04T17:33:52Z" name="test1" finished-at="2023-12-04T17:33:52Z" duration-ms="6" status="PASS">
          <reporter-output>
            <line>
              <![CDATA[Hi How are you ? ---->>>>>>>>>>]]>
            </line>
          </reporter-output>
        </test-method> <!-- test1 -->
      </class> <!-- basicJenkinsMavenTest.File1 -->
    </test> <!-- Default test -->
  </suite> <!-- Default suite -->
</testng-results>
